<?xml version="1.0" encoding="UTF-8"?>
<!-- Generated by org.testng.reporters.JUnitReportReporter -->
<testsuite hostname="DESKTOP-2SDD7O3" failures="0" tests="1" name="extentreports.tolearnextentreport" time="2.945" errors="0" timestamp="2024-06-04T09:15:31 IST" skipped="0">
  <testcase classname="extentreports.tolearnextentreport" name="reports" time="2.945"/>
  <system-out/>
</testsuite> <!-- extentreports.tolearnextentreport -->
