<?xml version="1.0" encoding="UTF-8"?>
<!-- Generated by org.testng.reporters.JUnitReportReporter -->
<testsuite hostname="DESKTOP-2SDD7O3" failures="0" tests="1" name="extentreports.Reportwithscreenshot" time="78.221" errors="0" timestamp="2024-06-04T09:43:01 IST" skipped="0">
  <testcase classname="extentreports.Reportwithscreenshot" name="screenshot" time="78.221"/>
  <system-out/>
</testsuite> <!-- extentreports.Reportwithscreenshot -->
